2016-06-17 03:34:23,022 [main] INFO  org.eclipse.jetty.util.log - Logging initialized @29038307ms
2016-06-17 03:34:25,470 [main] INFO  org.eclipse.jetty.server.Server - jetty-9.2.13.v20150730
2016-06-17 03:34:25,515 [main] INFO  o.e.j.server.handler.ContextHandler - Started o.e.j.s.ServletContextHandler@1d8000ee{/wse,null,AVAILABLE}
2016-06-17 03:34:25,550 [main] INFO  o.e.jetty.server.ServerConnector - Started ServerConnector@7a1078f9{HTTP/1.1}{0.0.0.0:5040}
2016-06-17 03:34:25,551 [main] INFO  org.eclipse.jetty.server.Server - Started @29041440ms
2016-06-17 05:34:09,293 [qtp245324717-1193] WARN  o.e.jetty.servlet.ServletHandler - 
org.apache.jasper.JasperException: java.lang.NullPointerException
	at org.apache.jasper.servlet.JspServletWrapper.service(JspServletWrapper.java:432) ~[na:na]
	at org.apache.jasper.servlet.JspServlet.serviceJspFile(JspServlet.java:492) ~[na:na]
	at org.apache.jasper.servlet.JspServlet.service(JspServlet.java:378) ~[na:na]
	at javax.servlet.http.HttpServlet.service(HttpServlet.java:790) ~[javax.servlet_3.1.0.v201410161800.jar:3.1.0]
	at org.eclipse.equinox.jsp.jasper.JspServlet.service(JspServlet.java:155) ~[na:na]
	at javax.servlet.http.HttpServlet.service(HttpServlet.java:790) ~[javax.servlet_3.1.0.v201410161800.jar:3.1.0]
	at org.eclipse.equinox.http.registry.internal.ServletManager$ServletWrapper.service(ServletManager.java:180) ~[na:na]
	at org.eclipse.equinox.http.servlet.internal.HttpServiceRuntimeImpl$LegacyServlet.service(HttpServiceRuntimeImpl.java:1232) ~[na:na]
	at org.eclipse.equinox.http.servlet.internal.registration.EndpointRegistration.service(EndpointRegistration.java:153) ~[na:na]
	at org.eclipse.equinox.http.servlet.internal.servlet.ResponseStateHandler.processRequest(ResponseStateHandler.java:63) ~[na:na]
	at org.eclipse.equinox.http.servlet.internal.context.DispatchTargets.doDispatch(DispatchTargets.java:98) ~[na:na]
	at org.eclipse.equinox.http.servlet.internal.HttpServiceRuntimeImpl.doDispatch(HttpServiceRuntimeImpl.java:372) ~[na:na]
	at org.eclipse.equinox.http.servlet.internal.servlet.ProxyServlet.service(ProxyServlet.java:70) ~[na:na]
	at javax.servlet.http.HttpServlet.service(HttpServlet.java:790) ~[javax.servlet_3.1.0.v201410161800.jar:3.1.0]
	at org.eclipse.equinox.http.jetty.internal.HttpServerManager$InternalHttpServiceServlet.service(HttpServerManager.java:363) ~[org.eclipse.equinox.http.jetty_3.1.2.v20160115-1350.jar:na]
	at org.eclipse.jetty.servlet.ServletHolder.handle(ServletHolder.java:808) ~[org.eclipse.jetty.servlet_9.2.13.v20150730.jar:9.2.13.v20150730]
	at org.eclipse.jetty.servlet.ServletHandler.doHandle(ServletHandler.java:587) [org.eclipse.jetty.servlet_9.2.13.v20150730.jar:9.2.13.v20150730]
	at org.eclipse.jetty.server.session.SessionHandler.doHandle(SessionHandler.java:221) [org.eclipse.jetty.server_9.2.13.v20150730.jar:9.2.13.v20150730]
	at org.eclipse.jetty.server.handler.ContextHandler.doHandle(ContextHandler.java:1127) [org.eclipse.jetty.server_9.2.13.v20150730.jar:9.2.13.v20150730]
	at org.eclipse.jetty.servlet.ServletHandler.doScope(ServletHandler.java:515) [org.eclipse.jetty.servlet_9.2.13.v20150730.jar:9.2.13.v20150730]
	at org.eclipse.jetty.server.session.SessionHandler.doScope(SessionHandler.java:185) [org.eclipse.jetty.server_9.2.13.v20150730.jar:9.2.13.v20150730]
	at org.eclipse.jetty.server.handler.ContextHandler.doScope(ContextHandler.java:1061) [org.eclipse.jetty.server_9.2.13.v20150730.jar:9.2.13.v20150730]
	at org.eclipse.jetty.server.handler.ScopedHandler.handle(ScopedHandler.java:141) [org.eclipse.jetty.server_9.2.13.v20150730.jar:9.2.13.v20150730]
	at org.eclipse.jetty.server.handler.HandlerWrapper.handle(HandlerWrapper.java:97) [org.eclipse.jetty.server_9.2.13.v20150730.jar:9.2.13.v20150730]
	at org.eclipse.jetty.server.Server.handle(Server.java:499) [org.eclipse.jetty.server_9.2.13.v20150730.jar:9.2.13.v20150730]
	at org.eclipse.jetty.server.HttpChannel.handle(HttpChannel.java:310) [org.eclipse.jetty.server_9.2.13.v20150730.jar:9.2.13.v20150730]
	at org.eclipse.jetty.server.HttpConnection.onFillable(HttpConnection.java:257) [org.eclipse.jetty.server_9.2.13.v20150730.jar:9.2.13.v20150730]
	at org.eclipse.jetty.io.AbstractConnection$2.run(AbstractConnection.java:540) [org.eclipse.jetty.io_9.2.13.v20150730.jar:9.2.13.v20150730]
	at org.eclipse.jetty.util.thread.QueuedThreadPool.runJob(QueuedThreadPool.java:635) [org.eclipse.jetty.util_9.2.13.v20150730.jar:9.2.13.v20150730]
	at org.eclipse.jetty.util.thread.QueuedThreadPool$3.run(QueuedThreadPool.java:555) [org.eclipse.jetty.util_9.2.13.v20150730.jar:9.2.13.v20150730]
	at java.lang.Thread.run(Unknown Source) [na:1.8.0_91]
Caused by: java.lang.NullPointerException: null
	at org.eclipse.wst.ws.internal.explorer.platform.actions.NodeAction.isStaleNode(NodeAction.java:58) ~[na:na]
	at org.eclipse.wst.ws.internal.explorer.platform.actions.SelectNodeAction.run(SelectNodeAction.java:44) ~[na:na]
	at org.eclipse.wst.ws.internal.explorer.platform.engine.ActionEngine.executeAction(ActionEngine.java:221) ~[na:na]
	at org.eclipse.wst.ws.internal.explorer.platform.actions.Action.execute(Action.java:111) ~[na:na]
	at org.eclipse.wst.ws.internal.explorer.platform.actions.Action.execute(Action.java:105) ~[na:na]
	at org.apache.jsp.uddi.actions.SelectNavigatorNodeActionJSP_jsp._jspService(org.apache.jsp.uddi.actions.SelectNavigatorNodeActionJSP_jsp:86) ~[na:na]
	at org.apache.jasper.runtime.HttpJspBase.service(HttpJspBase.java:111) ~[na:na]
	at javax.servlet.http.HttpServlet.service(HttpServlet.java:790) ~[javax.servlet_3.1.0.v201410161800.jar:3.1.0]
	at org.apache.jasper.servlet.JspServletWrapper.service(JspServletWrapper.java:403) ~[na:na]
	... 30 common frames omitted
2016-06-17 05:34:20,974 [qtp245324717-1201] WARN  o.e.jetty.servlet.ServletHandler - 
org.apache.jasper.JasperException: java.lang.NullPointerException
	at org.apache.jasper.servlet.JspServletWrapper.service(JspServletWrapper.java:432) ~[na:na]
	at org.apache.jasper.servlet.JspServlet.serviceJspFile(JspServlet.java:492) ~[na:na]
	at org.apache.jasper.servlet.JspServlet.service(JspServlet.java:378) ~[na:na]
	at javax.servlet.http.HttpServlet.service(HttpServlet.java:790) ~[javax.servlet_3.1.0.v201410161800.jar:3.1.0]
	at org.eclipse.equinox.jsp.jasper.JspServlet.service(JspServlet.java:155) ~[na:na]
	at javax.servlet.http.HttpServlet.service(HttpServlet.java:790) ~[javax.servlet_3.1.0.v201410161800.jar:3.1.0]
	at org.eclipse.equinox.http.registry.internal.ServletManager$ServletWrapper.service(ServletManager.java:180) ~[na:na]
	at org.eclipse.equinox.http.servlet.internal.HttpServiceRuntimeImpl$LegacyServlet.service(HttpServiceRuntimeImpl.java:1232) ~[na:na]
	at org.eclipse.equinox.http.servlet.internal.registration.EndpointRegistration.service(EndpointRegistration.java:153) ~[na:na]
	at org.eclipse.equinox.http.servlet.internal.servlet.ResponseStateHandler.processRequest(ResponseStateHandler.java:63) ~[na:na]
	at org.eclipse.equinox.http.servlet.internal.context.DispatchTargets.doDispatch(DispatchTargets.java:98) ~[na:na]
	at org.eclipse.equinox.http.servlet.internal.HttpServiceRuntimeImpl.doDispatch(HttpServiceRuntimeImpl.java:372) ~[na:na]
	at org.eclipse.equinox.http.servlet.internal.servlet.ProxyServlet.service(ProxyServlet.java:70) ~[na:na]
	at javax.servlet.http.HttpServlet.service(HttpServlet.java:790) ~[javax.servlet_3.1.0.v201410161800.jar:3.1.0]
	at org.eclipse.equinox.http.jetty.internal.HttpServerManager$InternalHttpServiceServlet.service(HttpServerManager.java:363) ~[org.eclipse.equinox.http.jetty_3.1.2.v20160115-1350.jar:na]
	at org.eclipse.jetty.servlet.ServletHolder.handle(ServletHolder.java:808) ~[org.eclipse.jetty.servlet_9.2.13.v20150730.jar:9.2.13.v20150730]
	at org.eclipse.jetty.servlet.ServletHandler.doHandle(ServletHandler.java:587) [org.eclipse.jetty.servlet_9.2.13.v20150730.jar:9.2.13.v20150730]
	at org.eclipse.jetty.server.session.SessionHandler.doHandle(SessionHandler.java:221) [org.eclipse.jetty.server_9.2.13.v20150730.jar:9.2.13.v20150730]
	at org.eclipse.jetty.server.handler.ContextHandler.doHandle(ContextHandler.java:1127) [org.eclipse.jetty.server_9.2.13.v20150730.jar:9.2.13.v20150730]
	at org.eclipse.jetty.servlet.ServletHandler.doScope(ServletHandler.java:515) [org.eclipse.jetty.servlet_9.2.13.v20150730.jar:9.2.13.v20150730]
	at org.eclipse.jetty.server.session.SessionHandler.doScope(SessionHandler.java:185) [org.eclipse.jetty.server_9.2.13.v20150730.jar:9.2.13.v20150730]
	at org.eclipse.jetty.server.handler.ContextHandler.doScope(ContextHandler.java:1061) [org.eclipse.jetty.server_9.2.13.v20150730.jar:9.2.13.v20150730]
	at org.eclipse.jetty.server.handler.ScopedHandler.handle(ScopedHandler.java:141) [org.eclipse.jetty.server_9.2.13.v20150730.jar:9.2.13.v20150730]
	at org.eclipse.jetty.server.handler.HandlerWrapper.handle(HandlerWrapper.java:97) [org.eclipse.jetty.server_9.2.13.v20150730.jar:9.2.13.v20150730]
	at org.eclipse.jetty.server.Server.handle(Server.java:499) [org.eclipse.jetty.server_9.2.13.v20150730.jar:9.2.13.v20150730]
	at org.eclipse.jetty.server.HttpChannel.handle(HttpChannel.java:310) [org.eclipse.jetty.server_9.2.13.v20150730.jar:9.2.13.v20150730]
	at org.eclipse.jetty.server.HttpConnection.onFillable(HttpConnection.java:257) [org.eclipse.jetty.server_9.2.13.v20150730.jar:9.2.13.v20150730]
	at org.eclipse.jetty.io.AbstractConnection$2.run(AbstractConnection.java:540) [org.eclipse.jetty.io_9.2.13.v20150730.jar:9.2.13.v20150730]
	at org.eclipse.jetty.util.thread.QueuedThreadPool.runJob(QueuedThreadPool.java:635) [org.eclipse.jetty.util_9.2.13.v20150730.jar:9.2.13.v20150730]
	at org.eclipse.jetty.util.thread.QueuedThreadPool$3.run(QueuedThreadPool.java:555) [org.eclipse.jetty.util_9.2.13.v20150730.jar:9.2.13.v20150730]
	at java.lang.Thread.run(Unknown Source) [na:1.8.0_91]
Caused by: java.lang.NullPointerException: null
	at org.eclipse.wst.ws.internal.explorer.platform.actions.NodeAction.isStaleNode(NodeAction.java:58) ~[na:na]
	at org.eclipse.wst.ws.internal.explorer.platform.actions.SelectNodeAction.run(SelectNodeAction.java:44) ~[na:na]
	at org.eclipse.wst.ws.internal.explorer.platform.engine.ActionEngine.executeAction(ActionEngine.java:221) ~[na:na]
	at org.eclipse.wst.ws.internal.explorer.platform.actions.Action.execute(Action.java:111) ~[na:na]
	at org.eclipse.wst.ws.internal.explorer.platform.actions.Action.execute(Action.java:105) ~[na:na]
	at org.apache.jsp.uddi.actions.SelectNavigatorNodeActionJSP_jsp._jspService(org.apache.jsp.uddi.actions.SelectNavigatorNodeActionJSP_jsp:86) ~[na:na]
	at org.apache.jasper.runtime.HttpJspBase.service(HttpJspBase.java:111) ~[na:na]
	at javax.servlet.http.HttpServlet.service(HttpServlet.java:790) ~[javax.servlet_3.1.0.v201410161800.jar:3.1.0]
	at org.apache.jasper.servlet.JspServletWrapper.service(JspServletWrapper.java:403) ~[na:na]
	... 30 common frames omitted
2016-06-17 05:34:25,962 [qtp245324717-1188] WARN  o.e.jetty.servlet.ServletHandler - 
org.apache.jasper.JasperException: java.lang.NullPointerException
	at org.apache.jasper.servlet.JspServletWrapper.service(JspServletWrapper.java:432) ~[na:na]
	at org.apache.jasper.servlet.JspServlet.serviceJspFile(JspServlet.java:492) ~[na:na]
	at org.apache.jasper.servlet.JspServlet.service(JspServlet.java:378) ~[na:na]
	at javax.servlet.http.HttpServlet.service(HttpServlet.java:790) ~[javax.servlet_3.1.0.v201410161800.jar:3.1.0]
	at org.eclipse.equinox.jsp.jasper.JspServlet.service(JspServlet.java:155) ~[na:na]
	at javax.servlet.http.HttpServlet.service(HttpServlet.java:790) ~[javax.servlet_3.1.0.v201410161800.jar:3.1.0]
	at org.eclipse.equinox.http.registry.internal.ServletManager$ServletWrapper.service(ServletManager.java:180) ~[na:na]
	at org.eclipse.equinox.http.servlet.internal.HttpServiceRuntimeImpl$LegacyServlet.service(HttpServiceRuntimeImpl.java:1232) ~[na:na]
	at org.eclipse.equinox.http.servlet.internal.registration.EndpointRegistration.service(EndpointRegistration.java:153) ~[na:na]
	at org.eclipse.equinox.http.servlet.internal.servlet.ResponseStateHandler.processRequest(ResponseStateHandler.java:63) ~[na:na]
	at org.eclipse.equinox.http.servlet.internal.context.DispatchTargets.doDispatch(DispatchTargets.java:98) ~[na:na]
	at org.eclipse.equinox.http.servlet.internal.HttpServiceRuntimeImpl.doDispatch(HttpServiceRuntimeImpl.java:372) ~[na:na]
	at org.eclipse.equinox.http.servlet.internal.servlet.ProxyServlet.service(ProxyServlet.java:70) ~[na:na]
	at javax.servlet.http.HttpServlet.service(HttpServlet.java:790) ~[javax.servlet_3.1.0.v201410161800.jar:3.1.0]
	at org.eclipse.equinox.http.jetty.internal.HttpServerManager$InternalHttpServiceServlet.service(HttpServerManager.java:363) ~[org.eclipse.equinox.http.jetty_3.1.2.v20160115-1350.jar:na]
	at org.eclipse.jetty.servlet.ServletHolder.handle(ServletHolder.java:808) ~[org.eclipse.jetty.servlet_9.2.13.v20150730.jar:9.2.13.v20150730]
	at org.eclipse.jetty.servlet.ServletHandler.doHandle(ServletHandler.java:587) [org.eclipse.jetty.servlet_9.2.13.v20150730.jar:9.2.13.v20150730]
	at org.eclipse.jetty.server.session.SessionHandler.doHandle(SessionHandler.java:221) [org.eclipse.jetty.server_9.2.13.v20150730.jar:9.2.13.v20150730]
	at org.eclipse.jetty.server.handler.ContextHandler.doHandle(ContextHandler.java:1127) [org.eclipse.jetty.server_9.2.13.v20150730.jar:9.2.13.v20150730]
	at org.eclipse.jetty.servlet.ServletHandler.doScope(ServletHandler.java:515) [org.eclipse.jetty.servlet_9.2.13.v20150730.jar:9.2.13.v20150730]
	at org.eclipse.jetty.server.session.SessionHandler.doScope(SessionHandler.java:185) [org.eclipse.jetty.server_9.2.13.v20150730.jar:9.2.13.v20150730]
	at org.eclipse.jetty.server.handler.ContextHandler.doScope(ContextHandler.java:1061) [org.eclipse.jetty.server_9.2.13.v20150730.jar:9.2.13.v20150730]
	at org.eclipse.jetty.server.handler.ScopedHandler.handle(ScopedHandler.java:141) [org.eclipse.jetty.server_9.2.13.v20150730.jar:9.2.13.v20150730]
	at org.eclipse.jetty.server.handler.HandlerWrapper.handle(HandlerWrapper.java:97) [org.eclipse.jetty.server_9.2.13.v20150730.jar:9.2.13.v20150730]
	at org.eclipse.jetty.server.Server.handle(Server.java:499) [org.eclipse.jetty.server_9.2.13.v20150730.jar:9.2.13.v20150730]
	at org.eclipse.jetty.server.HttpChannel.handle(HttpChannel.java:310) [org.eclipse.jetty.server_9.2.13.v20150730.jar:9.2.13.v20150730]
	at org.eclipse.jetty.server.HttpConnection.onFillable(HttpConnection.java:257) [org.eclipse.jetty.server_9.2.13.v20150730.jar:9.2.13.v20150730]
	at org.eclipse.jetty.io.AbstractConnection$2.run(AbstractConnection.java:540) [org.eclipse.jetty.io_9.2.13.v20150730.jar:9.2.13.v20150730]
	at org.eclipse.jetty.util.thread.QueuedThreadPool.runJob(QueuedThreadPool.java:635) [org.eclipse.jetty.util_9.2.13.v20150730.jar:9.2.13.v20150730]
	at org.eclipse.jetty.util.thread.QueuedThreadPool$3.run(QueuedThreadPool.java:555) [org.eclipse.jetty.util_9.2.13.v20150730.jar:9.2.13.v20150730]
	at java.lang.Thread.run(Unknown Source) [na:1.8.0_91]
Caused by: java.lang.NullPointerException: null
	at org.eclipse.wst.ws.internal.explorer.platform.uddi.actions.UDDIPropertiesFormAction.getSelectedNavigatorNode(UDDIPropertiesFormAction.java:33) ~[na:na]
	at org.eclipse.wst.ws.internal.explorer.platform.uddi.actions.UDDIPropertiesFormAction.getSelectedFormTool(UDDIPropertiesFormAction.java:38) ~[na:na]
	at org.eclipse.wst.ws.internal.explorer.platform.actions.FormAction.populatePropertyTable(FormAction.java:37) ~[na:na]
	at org.apache.jsp.uddi.actions.OpenRegistryActionJSP_jsp._jspService(org.apache.jsp.uddi.actions.OpenRegistryActionJSP_jsp:98) ~[na:na]
	at org.apache.jasper.runtime.HttpJspBase.service(HttpJspBase.java:111) ~[na:na]
	at javax.servlet.http.HttpServlet.service(HttpServlet.java:790) ~[javax.servlet_3.1.0.v201410161800.jar:3.1.0]
	at org.apache.jasper.servlet.JspServletWrapper.service(JspServletWrapper.java:403) ~[na:na]
	... 30 common frames omitted
2016-06-17 05:34:25,968 [qtp245324717-1188] WARN  o.eclipse.jetty.server.HttpChannel - /wse/uddi/actions/OpenRegistryActionJSP.jsp
org.apache.jasper.JasperException: java.lang.NullPointerException
	at org.apache.jasper.servlet.JspServletWrapper.service(JspServletWrapper.java:432) ~[na:na]
	at org.apache.jasper.servlet.JspServlet.serviceJspFile(JspServlet.java:492) ~[na:na]
	at org.apache.jasper.servlet.JspServlet.service(JspServlet.java:378) ~[na:na]
	at javax.servlet.http.HttpServlet.service(HttpServlet.java:790) ~[javax.servlet_3.1.0.v201410161800.jar:3.1.0]
	at org.eclipse.equinox.jsp.jasper.JspServlet.service(JspServlet.java:155) ~[na:na]
	at javax.servlet.http.HttpServlet.service(HttpServlet.java:790) ~[javax.servlet_3.1.0.v201410161800.jar:3.1.0]
	at org.eclipse.equinox.http.registry.internal.ServletManager$ServletWrapper.service(ServletManager.java:180) ~[na:na]
	at org.eclipse.equinox.http.servlet.internal.HttpServiceRuntimeImpl$LegacyServlet.service(HttpServiceRuntimeImpl.java:1232) ~[na:na]
	at org.eclipse.equinox.http.servlet.internal.registration.EndpointRegistration.service(EndpointRegistration.java:153) ~[na:na]
	at org.eclipse.equinox.http.servlet.internal.servlet.ResponseStateHandler.processRequest(ResponseStateHandler.java:63) ~[na:na]
	at org.eclipse.equinox.http.servlet.internal.context.DispatchTargets.doDispatch(DispatchTargets.java:98) ~[na:na]
	at org.eclipse.equinox.http.servlet.internal.HttpServiceRuntimeImpl.doDispatch(HttpServiceRuntimeImpl.java:372) ~[na:na]
	at org.eclipse.equinox.http.servlet.internal.servlet.ProxyServlet.service(ProxyServlet.java:70) ~[na:na]
	at javax.servlet.http.HttpServlet.service(HttpServlet.java:790) ~[javax.servlet_3.1.0.v201410161800.jar:3.1.0]
	at org.eclipse.equinox.http.jetty.internal.HttpServerManager$InternalHttpServiceServlet.service(HttpServerManager.java:363) ~[na:na]
	at org.eclipse.jetty.servlet.ServletHolder.handle(ServletHolder.java:808) ~[na:na]
	at org.eclipse.jetty.servlet.ServletHandler.doHandle(ServletHandler.java:587) ~[na:na]
	at org.eclipse.jetty.server.session.SessionHandler.doHandle(SessionHandler.java:221) ~[org.eclipse.jetty.server_9.2.13.v20150730.jar:9.2.13.v20150730]
	at org.eclipse.jetty.server.handler.ContextHandler.doHandle(ContextHandler.java:1127) ~[org.eclipse.jetty.server_9.2.13.v20150730.jar:9.2.13.v20150730]
	at org.eclipse.jetty.servlet.ServletHandler.doScope(ServletHandler.java:515) ~[na:na]
	at org.eclipse.jetty.server.session.SessionHandler.doScope(SessionHandler.java:185) ~[org.eclipse.jetty.server_9.2.13.v20150730.jar:9.2.13.v20150730]
	at org.eclipse.jetty.server.handler.ContextHandler.doScope(ContextHandler.java:1061) ~[org.eclipse.jetty.server_9.2.13.v20150730.jar:9.2.13.v20150730]
	at org.eclipse.jetty.server.handler.ScopedHandler.handle(ScopedHandler.java:141) ~[org.eclipse.jetty.server_9.2.13.v20150730.jar:9.2.13.v20150730]
	at org.eclipse.jetty.server.handler.HandlerWrapper.handle(HandlerWrapper.java:97) ~[org.eclipse.jetty.server_9.2.13.v20150730.jar:9.2.13.v20150730]
	at org.eclipse.jetty.server.Server.handle(Server.java:499) ~[org.eclipse.jetty.server_9.2.13.v20150730.jar:9.2.13.v20150730]
	at org.eclipse.jetty.server.HttpChannel.handle(HttpChannel.java:310) ~[org.eclipse.jetty.server_9.2.13.v20150730.jar:9.2.13.v20150730]
	at org.eclipse.jetty.server.HttpConnection.onFillable(HttpConnection.java:257) [org.eclipse.jetty.server_9.2.13.v20150730.jar:9.2.13.v20150730]
	at org.eclipse.jetty.io.AbstractConnection$2.run(AbstractConnection.java:540) [org.eclipse.jetty.io_9.2.13.v20150730.jar:9.2.13.v20150730]
	at org.eclipse.jetty.util.thread.QueuedThreadPool.runJob(QueuedThreadPool.java:635) [org.eclipse.jetty.util_9.2.13.v20150730.jar:9.2.13.v20150730]
	at org.eclipse.jetty.util.thread.QueuedThreadPool$3.run(QueuedThreadPool.java:555) [org.eclipse.jetty.util_9.2.13.v20150730.jar:9.2.13.v20150730]
	at java.lang.Thread.run(Unknown Source) [na:1.8.0_91]
Caused by: java.lang.NullPointerException: null
	at org.eclipse.wst.ws.internal.explorer.platform.uddi.actions.UDDIPropertiesFormAction.getSelectedNavigatorNode(UDDIPropertiesFormAction.java:33) ~[na:na]
	at org.eclipse.wst.ws.internal.explorer.platform.uddi.actions.UDDIPropertiesFormAction.getSelectedFormTool(UDDIPropertiesFormAction.java:38) ~[na:na]
	at org.eclipse.wst.ws.internal.explorer.platform.actions.FormAction.populatePropertyTable(FormAction.java:37) ~[na:na]
	at org.apache.jsp.uddi.actions.OpenRegistryActionJSP_jsp._jspService(org.apache.jsp.uddi.actions.OpenRegistryActionJSP_jsp:98) ~[na:na]
	at org.apache.jasper.runtime.HttpJspBase.service(HttpJspBase.java:111) ~[na:na]
	at javax.servlet.http.HttpServlet.service(HttpServlet.java:790) ~[javax.servlet_3.1.0.v201410161800.jar:3.1.0]
	at org.apache.jasper.servlet.JspServletWrapper.service(JspServletWrapper.java:403) ~[na:na]
	... 30 common frames omitted
2016-06-17 05:34:25,970 [qtp245324717-1188] WARN  o.eclipse.jetty.server.HttpChannel - Could not send response error 500: org.apache.jasper.JasperException: java.lang.NullPointerException
2016-06-17 05:34:31,569 [qtp245324717-1200] WARN  o.e.jetty.servlet.ServletHandler - 
org.apache.jasper.JasperException: java.lang.NullPointerException
	at org.apache.jasper.servlet.JspServletWrapper.service(JspServletWrapper.java:432) ~[na:na]
	at org.apache.jasper.servlet.JspServlet.serviceJspFile(JspServlet.java:492) ~[na:na]
	at org.apache.jasper.servlet.JspServlet.service(JspServlet.java:378) ~[na:na]
	at javax.servlet.http.HttpServlet.service(HttpServlet.java:790) ~[javax.servlet_3.1.0.v201410161800.jar:3.1.0]
	at org.eclipse.equinox.jsp.jasper.JspServlet.service(JspServlet.java:155) ~[na:na]
	at javax.servlet.http.HttpServlet.service(HttpServlet.java:790) ~[javax.servlet_3.1.0.v201410161800.jar:3.1.0]
	at org.eclipse.equinox.http.registry.internal.ServletManager$ServletWrapper.service(ServletManager.java:180) ~[na:na]
	at org.eclipse.equinox.http.servlet.internal.HttpServiceRuntimeImpl$LegacyServlet.service(HttpServiceRuntimeImpl.java:1232) ~[na:na]
	at org.eclipse.equinox.http.servlet.internal.registration.EndpointRegistration.service(EndpointRegistration.java:153) ~[na:na]
	at org.eclipse.equinox.http.servlet.internal.servlet.ResponseStateHandler.processRequest(ResponseStateHandler.java:63) ~[na:na]
	at org.eclipse.equinox.http.servlet.internal.context.DispatchTargets.doDispatch(DispatchTargets.java:98) ~[na:na]
	at org.eclipse.equinox.http.servlet.internal.HttpServiceRuntimeImpl.doDispatch(HttpServiceRuntimeImpl.java:372) ~[na:na]
	at org.eclipse.equinox.http.servlet.internal.servlet.ProxyServlet.service(ProxyServlet.java:70) ~[na:na]
	at javax.servlet.http.HttpServlet.service(HttpServlet.java:790) ~[javax.servlet_3.1.0.v201410161800.jar:3.1.0]
	at org.eclipse.equinox.http.jetty.internal.HttpServerManager$InternalHttpServiceServlet.service(HttpServerManager.java:363) ~[org.eclipse.equinox.http.jetty_3.1.2.v20160115-1350.jar:na]
	at org.eclipse.jetty.servlet.ServletHolder.handle(ServletHolder.java:808) ~[org.eclipse.jetty.servlet_9.2.13.v20150730.jar:9.2.13.v20150730]
	at org.eclipse.jetty.servlet.ServletHandler.doHandle(ServletHandler.java:587) [org.eclipse.jetty.servlet_9.2.13.v20150730.jar:9.2.13.v20150730]
	at org.eclipse.jetty.server.session.SessionHandler.doHandle(SessionHandler.java:221) [org.eclipse.jetty.server_9.2.13.v20150730.jar:9.2.13.v20150730]
	at org.eclipse.jetty.server.handler.ContextHandler.doHandle(ContextHandler.java:1127) [org.eclipse.jetty.server_9.2.13.v20150730.jar:9.2.13.v20150730]
	at org.eclipse.jetty.servlet.ServletHandler.doScope(ServletHandler.java:515) [org.eclipse.jetty.servlet_9.2.13.v20150730.jar:9.2.13.v20150730]
	at org.eclipse.jetty.server.session.SessionHandler.doScope(SessionHandler.java:185) [org.eclipse.jetty.server_9.2.13.v20150730.jar:9.2.13.v20150730]
	at org.eclipse.jetty.server.handler.ContextHandler.doScope(ContextHandler.java:1061) [org.eclipse.jetty.server_9.2.13.v20150730.jar:9.2.13.v20150730]
	at org.eclipse.jetty.server.handler.ScopedHandler.handle(ScopedHandler.java:141) [org.eclipse.jetty.server_9.2.13.v20150730.jar:9.2.13.v20150730]
	at org.eclipse.jetty.server.handler.HandlerWrapper.handle(HandlerWrapper.java:97) [org.eclipse.jetty.server_9.2.13.v20150730.jar:9.2.13.v20150730]
	at org.eclipse.jetty.server.Server.handle(Server.java:499) [org.eclipse.jetty.server_9.2.13.v20150730.jar:9.2.13.v20150730]
	at org.eclipse.jetty.server.HttpChannel.handle(HttpChannel.java:310) [org.eclipse.jetty.server_9.2.13.v20150730.jar:9.2.13.v20150730]
	at org.eclipse.jetty.server.HttpConnection.onFillable(HttpConnection.java:257) [org.eclipse.jetty.server_9.2.13.v20150730.jar:9.2.13.v20150730]
	at org.eclipse.jetty.io.AbstractConnection$2.run(AbstractConnection.java:540) [org.eclipse.jetty.io_9.2.13.v20150730.jar:9.2.13.v20150730]
	at org.eclipse.jetty.util.thread.QueuedThreadPool.runJob(QueuedThreadPool.java:635) [org.eclipse.jetty.util_9.2.13.v20150730.jar:9.2.13.v20150730]
	at org.eclipse.jetty.util.thread.QueuedThreadPool$3.run(QueuedThreadPool.java:555) [org.eclipse.jetty.util_9.2.13.v20150730.jar:9.2.13.v20150730]
	at java.lang.Thread.run(Unknown Source) [na:1.8.0_91]
Caused by: java.lang.NullPointerException: null
	at org.apache.jsp.uddi.forms.OpenRegistryForm_jsp._jspService(org.apache.jsp.uddi.forms.OpenRegistryForm_jsp:87) ~[na:na]
	at org.apache.jasper.runtime.HttpJspBase.service(HttpJspBase.java:111) ~[na:na]
	at javax.servlet.http.HttpServlet.service(HttpServlet.java:790) ~[javax.servlet_3.1.0.v201410161800.jar:3.1.0]
	at org.apache.jasper.servlet.JspServletWrapper.service(JspServletWrapper.java:403) ~[na:na]
	... 30 common frames omitted
2016-06-17 05:34:33,767 [qtp245324717-1219] WARN  o.e.jetty.servlet.ServletHandler - 
org.apache.jasper.JasperException: java.lang.NullPointerException
	at org.apache.jasper.servlet.JspServletWrapper.service(JspServletWrapper.java:432) ~[na:na]
	at org.apache.jasper.servlet.JspServlet.serviceJspFile(JspServlet.java:492) ~[na:na]
	at org.apache.jasper.servlet.JspServlet.service(JspServlet.java:378) ~[na:na]
	at javax.servlet.http.HttpServlet.service(HttpServlet.java:790) ~[javax.servlet_3.1.0.v201410161800.jar:3.1.0]
	at org.eclipse.equinox.jsp.jasper.JspServlet.service(JspServlet.java:155) ~[na:na]
	at javax.servlet.http.HttpServlet.service(HttpServlet.java:790) ~[javax.servlet_3.1.0.v201410161800.jar:3.1.0]
	at org.eclipse.equinox.http.registry.internal.ServletManager$ServletWrapper.service(ServletManager.java:180) ~[na:na]
	at org.eclipse.equinox.http.servlet.internal.HttpServiceRuntimeImpl$LegacyServlet.service(HttpServiceRuntimeImpl.java:1232) ~[na:na]
	at org.eclipse.equinox.http.servlet.internal.registration.EndpointRegistration.service(EndpointRegistration.java:153) ~[na:na]
	at org.eclipse.equinox.http.servlet.internal.servlet.ResponseStateHandler.processRequest(ResponseStateHandler.java:63) ~[na:na]
	at org.eclipse.equinox.http.servlet.internal.context.DispatchTargets.doDispatch(DispatchTargets.java:98) ~[na:na]
	at org.eclipse.equinox.http.servlet.internal.HttpServiceRuntimeImpl.doDispatch(HttpServiceRuntimeImpl.java:372) ~[na:na]
	at org.eclipse.equinox.http.servlet.internal.servlet.ProxyServlet.service(ProxyServlet.java:70) ~[na:na]
	at javax.servlet.http.HttpServlet.service(HttpServlet.java:790) ~[javax.servlet_3.1.0.v201410161800.jar:3.1.0]
	at org.eclipse.equinox.http.jetty.internal.HttpServerManager$InternalHttpServiceServlet.service(HttpServerManager.java:363) ~[org.eclipse.equinox.http.jetty_3.1.2.v20160115-1350.jar:na]
	at org.eclipse.jetty.servlet.ServletHolder.handle(ServletHolder.java:808) ~[org.eclipse.jetty.servlet_9.2.13.v20150730.jar:9.2.13.v20150730]
	at org.eclipse.jetty.servlet.ServletHandler.doHandle(ServletHandler.java:587) [org.eclipse.jetty.servlet_9.2.13.v20150730.jar:9.2.13.v20150730]
	at org.eclipse.jetty.server.session.SessionHandler.doHandle(SessionHandler.java:221) [org.eclipse.jetty.server_9.2.13.v20150730.jar:9.2.13.v20150730]
	at org.eclipse.jetty.server.handler.ContextHandler.doHandle(ContextHandler.java:1127) [org.eclipse.jetty.server_9.2.13.v20150730.jar:9.2.13.v20150730]
	at org.eclipse.jetty.servlet.ServletHandler.doScope(ServletHandler.java:515) [org.eclipse.jetty.servlet_9.2.13.v20150730.jar:9.2.13.v20150730]
	at org.eclipse.jetty.server.session.SessionHandler.doScope(SessionHandler.java:185) [org.eclipse.jetty.server_9.2.13.v20150730.jar:9.2.13.v20150730]
	at org.eclipse.jetty.server.handler.ContextHandler.doScope(ContextHandler.java:1061) [org.eclipse.jetty.server_9.2.13.v20150730.jar:9.2.13.v20150730]
	at org.eclipse.jetty.server.handler.ScopedHandler.handle(ScopedHandler.java:141) [org.eclipse.jetty.server_9.2.13.v20150730.jar:9.2.13.v20150730]
	at org.eclipse.jetty.server.handler.HandlerWrapper.handle(HandlerWrapper.java:97) [org.eclipse.jetty.server_9.2.13.v20150730.jar:9.2.13.v20150730]
	at org.eclipse.jetty.server.Server.handle(Server.java:499) [org.eclipse.jetty.server_9.2.13.v20150730.jar:9.2.13.v20150730]
	at org.eclipse.jetty.server.HttpChannel.handle(HttpChannel.java:310) [org.eclipse.jetty.server_9.2.13.v20150730.jar:9.2.13.v20150730]
	at org.eclipse.jetty.server.HttpConnection.onFillable(HttpConnection.java:257) [org.eclipse.jetty.server_9.2.13.v20150730.jar:9.2.13.v20150730]
	at org.eclipse.jetty.io.AbstractConnection$2.run(AbstractConnection.java:540) [org.eclipse.jetty.io_9.2.13.v20150730.jar:9.2.13.v20150730]
	at org.eclipse.jetty.util.thread.QueuedThreadPool.runJob(QueuedThreadPool.java:635) [org.eclipse.jetty.util_9.2.13.v20150730.jar:9.2.13.v20150730]
	at org.eclipse.jetty.util.thread.QueuedThreadPool$3.run(QueuedThreadPool.java:555) [org.eclipse.jetty.util_9.2.13.v20150730.jar:9.2.13.v20150730]
	at java.lang.Thread.run(Unknown Source) [na:1.8.0_91]
Caused by: java.lang.NullPointerException: null
	at org.eclipse.wst.ws.internal.explorer.platform.actions.NodeAction.isStaleNode(NodeAction.java:58) ~[na:na]
	at org.eclipse.wst.ws.internal.explorer.platform.actions.SelectNodeAction.run(SelectNodeAction.java:44) ~[na:na]
	at org.eclipse.wst.ws.internal.explorer.platform.engine.ActionEngine.executeAction(ActionEngine.java:221) ~[na:na]
	at org.eclipse.wst.ws.internal.explorer.platform.actions.Action.execute(Action.java:111) ~[na:na]
	at org.eclipse.wst.ws.internal.explorer.platform.actions.Action.execute(Action.java:105) ~[na:na]
	at org.apache.jsp.uddi.actions.SelectNavigatorNodeActionJSP_jsp._jspService(org.apache.jsp.uddi.actions.SelectNavigatorNodeActionJSP_jsp:86) ~[na:na]
	at org.apache.jasper.runtime.HttpJspBase.service(HttpJspBase.java:111) ~[na:na]
	at javax.servlet.http.HttpServlet.service(HttpServlet.java:790) ~[javax.servlet_3.1.0.v201410161800.jar:3.1.0]
	at org.apache.jasper.servlet.JspServletWrapper.service(JspServletWrapper.java:403) ~[na:na]
	... 30 common frames omitted
2016-06-18 04:42:01,684 [Framework stop] INFO  o.e.jetty.server.ServerConnector - Stopped ServerConnector@7a1078f9{HTTP/1.1}{0.0.0.0:0}
2016-06-18 04:42:15,727 [Framework stop] INFO  o.e.j.server.handler.ContextHandler - Stopped o.e.j.s.ServletContextHandler@1d8000ee{/wse,null,UNAVAILABLE}
2016-06-19 02:15:13,192 [main] INFO  org.eclipse.jetty.util.log - Logging initialized @835281ms
2016-06-19 02:15:13,980 [main] INFO  org.eclipse.jetty.server.Server - jetty-9.2.13.v20150730
2016-06-19 02:15:14,057 [main] INFO  o.e.j.server.handler.ContextHandler - Started o.e.j.s.ServletContextHandler@7159d6ba{/wse,null,AVAILABLE}
2016-06-19 02:15:14,103 [main] INFO  o.e.jetty.server.ServerConnector - Started ServerConnector@6ab8f3c7{HTTP/1.1}{0.0.0.0:32005}
2016-06-19 02:15:14,104 [main] INFO  org.eclipse.jetty.server.Server - Started @836195ms
2016-06-19 02:16:08,403 [qtp687832156-174] WARN  o.e.jetty.servlet.ServletHandler - 
org.apache.jasper.JasperException: java.lang.NullPointerException
	at org.apache.jasper.servlet.JspServletWrapper.service(JspServletWrapper.java:432) ~[na:na]
	at org.apache.jasper.servlet.JspServlet.serviceJspFile(JspServlet.java:492) ~[na:na]
	at org.apache.jasper.servlet.JspServlet.service(JspServlet.java:378) ~[na:na]
	at javax.servlet.http.HttpServlet.service(HttpServlet.java:790) ~[javax.servlet_3.1.0.v201410161800.jar:3.1.0]
	at org.eclipse.equinox.jsp.jasper.JspServlet.service(JspServlet.java:155) ~[na:na]
	at javax.servlet.http.HttpServlet.service(HttpServlet.java:790) ~[javax.servlet_3.1.0.v201410161800.jar:3.1.0]
	at org.eclipse.equinox.http.registry.internal.ServletManager$ServletWrapper.service(ServletManager.java:180) ~[na:na]
	at org.eclipse.equinox.http.servlet.internal.HttpServiceRuntimeImpl$LegacyServlet.service(HttpServiceRuntimeImpl.java:1232) ~[na:na]
	at org.eclipse.equinox.http.servlet.internal.registration.EndpointRegistration.service(EndpointRegistration.java:153) ~[na:na]
	at org.eclipse.equinox.http.servlet.internal.servlet.ResponseStateHandler.processRequest(ResponseStateHandler.java:63) ~[na:na]
	at org.eclipse.equinox.http.servlet.internal.context.DispatchTargets.doDispatch(DispatchTargets.java:98) ~[na:na]
	at org.eclipse.equinox.http.servlet.internal.HttpServiceRuntimeImpl.doDispatch(HttpServiceRuntimeImpl.java:372) ~[na:na]
	at org.eclipse.equinox.http.servlet.internal.servlet.ProxyServlet.service(ProxyServlet.java:70) ~[na:na]
	at javax.servlet.http.HttpServlet.service(HttpServlet.java:790) ~[javax.servlet_3.1.0.v201410161800.jar:3.1.0]
	at org.eclipse.equinox.http.jetty.internal.HttpServerManager$InternalHttpServiceServlet.service(HttpServerManager.java:363) ~[org.eclipse.equinox.http.jetty_3.1.2.v20160115-1350.jar:na]
	at org.eclipse.jetty.servlet.ServletHolder.handle(ServletHolder.java:808) ~[org.eclipse.jetty.servlet_9.2.13.v20150730.jar:9.2.13.v20150730]
	at org.eclipse.jetty.servlet.ServletHandler.doHandle(ServletHandler.java:587) [org.eclipse.jetty.servlet_9.2.13.v20150730.jar:9.2.13.v20150730]
	at org.eclipse.jetty.server.session.SessionHandler.doHandle(SessionHandler.java:221) [org.eclipse.jetty.server_9.2.13.v20150730.jar:9.2.13.v20150730]
	at org.eclipse.jetty.server.handler.ContextHandler.doHandle(ContextHandler.java:1127) [org.eclipse.jetty.server_9.2.13.v20150730.jar:9.2.13.v20150730]
	at org.eclipse.jetty.servlet.ServletHandler.doScope(ServletHandler.java:515) [org.eclipse.jetty.servlet_9.2.13.v20150730.jar:9.2.13.v20150730]
	at org.eclipse.jetty.server.session.SessionHandler.doScope(SessionHandler.java:185) [org.eclipse.jetty.server_9.2.13.v20150730.jar:9.2.13.v20150730]
	at org.eclipse.jetty.server.handler.ContextHandler.doScope(ContextHandler.java:1061) [org.eclipse.jetty.server_9.2.13.v20150730.jar:9.2.13.v20150730]
	at org.eclipse.jetty.server.handler.ScopedHandler.handle(ScopedHandler.java:141) [org.eclipse.jetty.server_9.2.13.v20150730.jar:9.2.13.v20150730]
	at org.eclipse.jetty.server.handler.HandlerWrapper.handle(HandlerWrapper.java:97) [org.eclipse.jetty.server_9.2.13.v20150730.jar:9.2.13.v20150730]
	at org.eclipse.jetty.server.Server.handle(Server.java:499) [org.eclipse.jetty.server_9.2.13.v20150730.jar:9.2.13.v20150730]
	at org.eclipse.jetty.server.HttpChannel.handle(HttpChannel.java:310) [org.eclipse.jetty.server_9.2.13.v20150730.jar:9.2.13.v20150730]
	at org.eclipse.jetty.server.HttpConnection.onFillable(HttpConnection.java:257) [org.eclipse.jetty.server_9.2.13.v20150730.jar:9.2.13.v20150730]
	at org.eclipse.jetty.io.AbstractConnection$2.run(AbstractConnection.java:540) [org.eclipse.jetty.io_9.2.13.v20150730.jar:9.2.13.v20150730]
	at org.eclipse.jetty.util.thread.QueuedThreadPool.runJob(QueuedThreadPool.java:635) [org.eclipse.jetty.util_9.2.13.v20150730.jar:9.2.13.v20150730]
	at org.eclipse.jetty.util.thread.QueuedThreadPool$3.run(QueuedThreadPool.java:555) [org.eclipse.jetty.util_9.2.13.v20150730.jar:9.2.13.v20150730]
	at java.lang.Thread.run(Unknown Source) [na:1.8.0_91]
Caused by: java.lang.NullPointerException: null
	at java.util.ArrayList.addAll(Unknown Source) ~[na:1.8.0_91]
	at org.eclipse.jst.ws.internal.cxf.consumption.core.locator.CXFWebServiceLocator.getWebServices(CXFWebServiceLocator.java:50) ~[na:na]
	at org.eclipse.jst.ws.internal.cxf.consumption.core.locator.CXFWebServiceLocator.getWebServices(CXFWebServiceLocator.java:41) ~[na:na]
	at org.eclipse.wst.ws.internal.wsfinder.WebServiceFinder.getWebServicesByCategoryId(WebServiceFinder.java:178) ~[na:na]
	at org.eclipse.wst.ws.internal.wsfinder.WebServiceFinder.getWebServicesByCategoryId(WebServiceFinder.java:146) ~[na:na]
	at org.eclipse.wst.ws.internal.wsfinder.WebServiceFinder.getWebServicesByCategory(WebServiceFinder.java:113) ~[na:na]
	at org.apache.jsp.wsdl_005fcontent_jsp._jspService(org.apache.jsp.wsdl_005fcontent_jsp:254) ~[na:na]
	at org.apache.jasper.runtime.HttpJspBase.service(HttpJspBase.java:111) ~[na:na]
	at javax.servlet.http.HttpServlet.service(HttpServlet.java:790) ~[javax.servlet_3.1.0.v201410161800.jar:3.1.0]
	at org.apache.jasper.servlet.JspServletWrapper.service(JspServletWrapper.java:403) ~[na:na]
	... 30 common frames omitted
2016-06-19 04:16:08,539 [Framework stop] INFO  o.e.jetty.server.ServerConnector - Stopped ServerConnector@6ab8f3c7{HTTP/1.1}{0.0.0.0:0}
2016-06-19 04:16:08,653 [Framework stop] INFO  o.e.j.server.handler.ContextHandler - Stopped o.e.j.s.ServletContextHandler@7159d6ba{/wse,null,UNAVAILABLE}
